<?xml version="1.0" encoding="UTF-8"?>
<!-- Generated by org.testng.reporters.JUnitReportReporter -->
<testsuite skipped="0" hostname="INADMYDOSHI1.local" name="com.axelerant.Assignment1Test" tests="8" failures="0" timestamp="06 Jun 2021 20:10:28 GMT" time="21.363" errors="0">
  <testcase name="loginTest" time="1.640" classname="com.axelerant.Assignment1Test"/>
  <testcase name="paymentTransferAndVerifyTransactionDetails_TC003_002" time="2.737" classname="com.axelerant.Assignment1Test"/>
  <testcase name="verifyNewAccountOpening_TC001" time="3.337" classname="com.axelerant.Assignment1Test"/>
  <testcase name="verifyNewAccountOpening_TC001" time="2.922" classname="com.axelerant.Assignment1Test"/>
  <testcase name="paymentTransferAndVerifyTransactionDetails_TC003_002" time="3.280" classname="com.axelerant.Assignment1Test"/>
  <testcase name="verifyNewlyCreatedAccountDetails_TC002" time="3.350" classname="com.axelerant.Assignment1Test"/>
  <testcase name="paymentTransferAndVerifyTransactionDetails_TC003_001" time="1.318" classname="com.axelerant.Assignment1Test"/>
  <testcase name="verifyNewlyCreatedAccountDetails_TC002" time="2.779" classname="com.axelerant.Assignment1Test"/>
</testsuite> <!-- com.axelerant.Assignment1Test -->
