<?xml version="1.0" encoding="UTF-8"?>
<!-- Generated by org.testng.reporters.JUnitReportReporter -->
<testsuite skipped="0" hostname="INADMYDOSHI1.local" name="com.axelerant.Assignment2" tests="2" failures="0" timestamp="06 Jun 2021 18:21:07 GMT" time="3.970" errors="0">
  <testcase name="createAccount" time="2.700" classname="com.axelerant.Assignment2"/>
  <testcase name="createAccount" time="1.270" classname="com.axelerant.Assignment2"/>
</testsuite> <!-- com.axelerant.Assignment2 -->
