<?xml version="1.0" encoding="UTF-8"?>
<!-- Generated by org.testng.reporters.JUnitReportReporter -->
<testsuite skipped="0" hostname="INADMYDOSHI1.local" name="com.axelerant.Assignment2Test" tests="2" failures="0" timestamp="06 Jun 2021 20:10:28 GMT" time="3.519" errors="0">
  <testcase name="createAccount" time="1.012" classname="com.axelerant.Assignment2Test"/>
  <testcase name="createAccount" time="2.507" classname="com.axelerant.Assignment2Test"/>
</testsuite> <!-- com.axelerant.Assignment2Test -->
